[NbConvertApp] Converting notebook /Users/kumacmini/repos/research-materials/gpytorch-examples/02_Scalable_Exact_GPs/KeOps_GP_Regression.ipynb to notebook
Traceback (most recent call last):
  File "/Users/kumacmini/repos/research-materials/gpytorch-examples/.venv/bin/jupyter-nbconvert", line 6, in <module>
    sys.exit(main())
             ^^^^^^
  File "/Users/kumacmini/repos/research-materials/gpytorch-examples/.venv/lib/python3.11/site-packages/jupyter_core/application.py", line 284, in launch_instance
    super().launch_instance(argv=argv, **kwargs)
  File "/Users/kumacmini/repos/research-materials/gpytorch-examples/.venv/lib/python3.11/site-packages/traitlets/config/application.py", line 1075, in launch_instance
    app.start()
  File "/Users/kumacmini/repos/research-materials/gpytorch-examples/.venv/lib/python3.11/site-packages/nbconvert/nbconvertapp.py", line 420, in start
    self.convert_notebooks()
  File "/Users/kumacmini/repos/research-materials/gpytorch-examples/.venv/lib/python3.11/site-packages/nbconvert/nbconvertapp.py", line 597, in convert_notebooks
    self.convert_single_notebook(notebook_filename)
  File "/Users/kumacmini/repos/research-materials/gpytorch-examples/.venv/lib/python3.11/site-packages/nbconvert/nbconvertapp.py", line 563, in convert_single_notebook
    output, resources = self.export_single_notebook(
                        ^^^^^^^^^^^^^^^^^^^^^^^^^^^^
  File "/Users/kumacmini/repos/research-materials/gpytorch-examples/.venv/lib/python3.11/site-packages/nbconvert/nbconvertapp.py", line 487, in export_single_notebook
    output, resources = self.exporter.from_filename(
                        ^^^^^^^^^^^^^^^^^^^^^^^^^^^^
  File "/Users/kumacmini/repos/research-materials/gpytorch-examples/.venv/lib/python3.11/site-packages/nbconvert/exporters/exporter.py", line 201, in from_filename
    return self.from_file(f, resources=resources, **kw)
           ^^^^^^^^^^^^^^^^^^^^^^^^^^^^^^^^^^^^^^^^^^^^
  File "/Users/kumacmini/repos/research-materials/gpytorch-examples/.venv/lib/python3.11/site-packages/nbconvert/exporters/exporter.py", line 220, in from_file
    return self.from_notebook_node(
           ^^^^^^^^^^^^^^^^^^^^^^^^
  File "/Users/kumacmini/repos/research-materials/gpytorch-examples/.venv/lib/python3.11/site-packages/nbconvert/exporters/notebook.py", line 36, in from_notebook_node
    nb_copy, resources = super().from_notebook_node(nb, resources, **kw)
                         ^^^^^^^^^^^^^^^^^^^^^^^^^^^^^^^^^^^^^^^^^^^^^^^
  File "/Users/kumacmini/repos/research-materials/gpytorch-examples/.venv/lib/python3.11/site-packages/nbconvert/exporters/exporter.py", line 154, in from_notebook_node
    nb_copy, resources = self._preprocess(nb_copy, resources)
                         ^^^^^^^^^^^^^^^^^^^^^^^^^^^^^^^^^^^^
  File "/Users/kumacmini/repos/research-materials/gpytorch-examples/.venv/lib/python3.11/site-packages/nbconvert/exporters/exporter.py", line 353, in _preprocess
    nbc, resc = preprocessor(nbc, resc)
                ^^^^^^^^^^^^^^^^^^^^^^^
  File "/Users/kumacmini/repos/research-materials/gpytorch-examples/.venv/lib/python3.11/site-packages/nbconvert/preprocessors/base.py", line 48, in __call__
    return self.preprocess(nb, resources)
           ^^^^^^^^^^^^^^^^^^^^^^^^^^^^^^
  File "/Users/kumacmini/repos/research-materials/gpytorch-examples/.venv/lib/python3.11/site-packages/nbconvert/preprocessors/execute.py", line 103, in preprocess
    self.preprocess_cell(cell, resources, index)
  File "/Users/kumacmini/repos/research-materials/gpytorch-examples/.venv/lib/python3.11/site-packages/nbconvert/preprocessors/execute.py", line 124, in preprocess_cell
    cell = self.execute_cell(cell, index, store_history=True)
           ^^^^^^^^^^^^^^^^^^^^^^^^^^^^^^^^^^^^^^^^^^^^^^^^^^
  File "/Users/kumacmini/repos/research-materials/gpytorch-examples/.venv/lib/python3.11/site-packages/jupyter_core/utils/__init__.py", line 165, in wrapped
    return loop.run_until_complete(inner)
           ^^^^^^^^^^^^^^^^^^^^^^^^^^^^^^
  File "/opt/homebrew/Cellar/python@3.11/3.11.13/Frameworks/Python.framework/Versions/3.11/lib/python3.11/asyncio/base_events.py", line 654, in run_until_complete
    return future.result()
           ^^^^^^^^^^^^^^^
  File "/Users/kumacmini/repos/research-materials/gpytorch-examples/.venv/lib/python3.11/site-packages/nbclient/client.py", line 1062, in async_execute_cell
    await self._check_raise_for_error(cell, cell_index, exec_reply)
  File "/Users/kumacmini/repos/research-materials/gpytorch-examples/.venv/lib/python3.11/site-packages/nbclient/client.py", line 918, in _check_raise_for_error
    raise CellExecutionError.from_cell_and_msg(cell, exec_reply_content)
nbclient.exceptions.CellExecutionError: An error occurred while executing the following cell:
------------------
import numpy as np

N = data.shape[0]
# make train/val/test
n_train = int(0.5 * N)

train_x, train_y = data[:n_train, :-1], data[:n_train, -1]
test_x, test_y = data[n_train:, :-1], data[n_train:, -1]

# normalize features
mean = train_x.mean(dim=-2, keepdim=True)
std = train_x.std(dim=-2, keepdim=True) + 1e-6 # prevent dividing by 0
train_x = (train_x - mean) / std
test_x = (test_x - mean) / std

# normalize labels
mean, std = train_y.mean(),train_y.std()
train_y = (train_y - mean) / std
test_y = (test_y - mean) / std

# make continguous
train_x, train_y = train_x.contiguous(), train_y.contiguous()
test_x, test_y = test_x.contiguous(), test_y.contiguous()

output_device = torch.device('cuda:0')

train_x, train_y = train_x.to(output_device), train_y.to(output_device)
test_x, test_y = test_x.to(output_device), test_y.to(output_device)

print(
    f"Num train: {train_y.size(-1)}\n"
    f"Num test: {test_y.size(-1)}"
)
------------------


[31m---------------------------------------------------------------------------[39m
[31mAssertionError[39m                            Traceback (most recent call last)
[36mCell[39m[36m [39m[32mIn[3][39m[32m, line 27[39m
[32m     23[39m test_x, test_y = test_x.contiguous(), test_y.contiguous()
[32m     25[39m output_device = torch.device([33m'[39m[33mcuda:0[39m[33m'[39m)
[32m---> [39m[32m27[39m train_x, train_y = [43mtrain_x[49m[43m.[49m[43mto[49m[43m([49m[43moutput_device[49m[43m)[49m, train_y.to(output_device)
[32m     28[39m test_x, test_y = test_x.to(output_device), test_y.to(output_device)
[32m     30[39m [38;5;28mprint[39m(
[32m     31[39m     [33mf[39m[33m"[39m[33mNum train: [39m[38;5;132;01m{[39;00mtrain_y.size(-[32m1[39m)[38;5;132;01m}[39;00m[38;5;130;01m\n[39;00m[33m"[39m
[32m     32[39m     [33mf[39m[33m"[39m[33mNum test: [39m[38;5;132;01m{[39;00mtest_y.size(-[32m1[39m)[38;5;132;01m}[39;00m[33m"[39m
[32m     33[39m )

[36mFile [39m[32m~/repos/research-materials/gpytorch-examples/.venv/lib/python3.11/site-packages/torch/cuda/__init__.py:471[39m, in [36m_lazy_init[39m[34m()[39m
[32m    466[39m     [38;5;28;01mraise[39;00m [38;5;167;01mRuntimeError[39;00m(
[32m    467[39m         [33m"[39m[33mCannot re-initialize CUDA in forked subprocess. To use CUDA with [39m[33m"[39m
[32m    468[39m         [33m"[39m[33mmultiprocessing, you must use the [39m[33m'[39m[33mspawn[39m[33m'[39m[33m start method[39m[33m"[39m
[32m    469[39m     )
[32m    470[39m [38;5;28;01mif[39;00m [38;5;129;01mnot[39;00m [38;5;28mhasattr[39m(torch._C, [33m"[39m[33m_cuda_getDeviceCount[39m[33m"[39m):
[32m--> [39m[32m471[39m     [38;5;28;01mraise[39;00m [38;5;167;01mAssertionError[39;00m([33m"[39m[33mTorch not compiled with CUDA enabled[39m[33m"[39m)
[32m    472[39m [38;5;28;01mif[39;00m _cudart [38;5;129;01mis[39;00m [38;5;28;01mNone[39;00m:
[32m    473[39m     [38;5;28;01mraise[39;00m [38;5;167;01mAssertionError[39;00m(
[32m    474[39m         [33m"[39m[33mlibcudart functions unavailable. It looks like you have a broken build?[39m[33m"[39m
[32m    475[39m     )

[31mAssertionError[39m: Torch not compiled with CUDA enabled

